<?xml version="1.0" encoding="UTF-8"?>
<!-- Generated by org.testng.reporters.JUnitReportReporter -->
<testsuite hostname="DESKTOP-FOKO1P1" failures="0" tests="2" name="qa.testcases.PageTextSizeAutomation" time="4.092" errors="0" timestamp="2024-04-21T16:03:16 BDT" skipped="0">
  <testcase classname="qa.testcases.PageTextSizeAutomation" name="verifyWebpageTextSizeAndFontName" time="1.624"/>
  <system-out/>
  <testcase classname="qa.testcases.PageTextSizeAutomation" name="verifyPageColor" time="2.468"/>
  <system-out/>
</testsuite> <!-- qa.testcases.PageTextSizeAutomation -->
