<?xml version="1.0" encoding="UTF-8"?>
<!-- Generated by org.testng.reporters.JUnitReportReporter -->
<testsuite hostname="DESKTOP-FOKO1P1" failures="0" tests="2" name="qa.testcases.SignUpRegPageUrlTest" time="79.376" errors="0" timestamp="2024-04-21T16:03:16 BDT" skipped="0">
  <testcase classname="qa.testcases.SignUpRegPageUrlTest" name="TotalLinkTest" time="0.310"/>
  <system-out/>
  <testcase classname="qa.testcases.SignUpRegPageUrlTest" name="AllUrlTest" time="79.066"/>
  <system-out/>
</testsuite> <!-- qa.testcases.SignUpRegPageUrlTest -->
